<?xml version="1.0" encoding="UTF-8"?><testsuite errors="1" failures="0" name="Demo POM" skipped="0" tests="1" time="24.36" timestamp="2022-10-06 10:21:31"><testcase name="Crear nuevo customer en Guru"><error message="no such element: Unable to locate element: {&quot;method&quot;:&quot;xpath&quot;,&quot;selector&quot;:&quot;//*[text()='Customer Registered Successfully!!!']&quot;}&#10;  (Session info: chrome=106.0.5249.91)&#10;For documentation on this error, please visit: https://selenium.dev/exceptions/#no_such_element&#10;Build info: version: '4.3.0', revision: 'a4995e2c09*'&#10;System info: host: 'SSBOG5CG1490DDD', ip: '192.168.10.10', os.name: 'Windows 10', os.arch: 'amd64', os.version: '10.0', java.version: '11.0.16.1'&#10;Driver info: org.openqa.selenium.chrome.ChromeDriver&#10;Command: [86802c682950b316196fba659d0ba1b5, findElement {using=xpath, value=//*[text()='Customer Registered Successfully!!!']}]&#10;Capabilities {acceptInsecureCerts: false, browserName: chrome, browserVersion: 106.0.5249.91, chrome: {chromedriverVersion: 106.0.5249.61 (511755355844..., userDataDir: C:\Users\SANTIA~1.MOR\AppDa...}, goog:chromeOptions: {debuggerAddress: localhost:56729}, networkConnectionEnabled: false, pageLoadStrategy: normal, platformName: WINDOWS, proxy: Proxy(), se:cdp: ws://localhost:56729/devtoo..., se:cdpVersion: 106.0.5249.91, setWindowRect: true, strictFileInteractability: false, timeouts: {implicit: 0, pageLoad: 300000, script: 30000}, unhandledPromptBehavior: dismiss and notify, webauthn:extension:credBlob: true, webauthn:extension:largeBlob: true, webauthn:virtualAuthenticators: true}&#10;Session ID: 86802c682950b316196fba659d0ba1b5&#10;For documentation on this error, please visit: https://selenium.dev/exceptions/#no_such_element&#10;Build info: version: '4.3.0', revision: 'a4995e2c09*'&#10;System info: host: 'SSBOG5CG1490DDD', ip: '192.168.10.10', os.name: 'Windows 10', os.arch: 'amd64', os.version: '10.0', java.version: '11.0.16.1'&#10;Driver info: driver.version: unknown" type="org.openqa.selenium.NoSuchElementException">no such element: Unable to locate element: {"method":"xpath","selector":"//*[text()='Customer Registered Successfully!!!']"}
  (Session info: chrome=106.0.5249.91)
For documentation on this error, please visit: https://selenium.dev/exceptions/#no_such_element
Build info: version: '4.3.0', revision: 'a4995e2c09*'
System info: host: 'SSBOG5CG1490DDD', ip: '192.168.10.10', os.name: 'Windows 10', os.arch: 'amd64', os.version: '10.0', java.version: '11.0.16.1'
Driver info: org.openqa.selenium.chrome.ChromeDriver
Command: [86802c682950b316196fba659d0ba1b5, findElement {using=xpath, value=//*[text()='Customer Registered Successfully!!!']}]
Capabilities {acceptInsecureCerts: false, browserName: chrome, browserVersion: 106.0.5249.91, chrome: {chromedriverVersion: 106.0.5249.61 (511755355844..., userDataDir: C:\Users\SANTIA~1.MOR\AppDa...}, goog:chromeOptions: {debuggerAddress: localhost:56729}, networkConnectionEnabled: false, pageLoadStrategy: normal, platformName: WINDOWS, proxy: Proxy(), se:cdp: ws://localhost:56729/devtoo..., se:cdpVersion: 106.0.5249.91, setWindowRect: true, strictFileInteractability: false, timeouts: {implicit: 0, pageLoad: 300000, script: 30000}, unhandledPromptBehavior: dismiss and notify, webauthn:extension:credBlob: true, webauthn:extension:largeBlob: true, webauthn:virtualAuthenticators: true}
Session ID: 86802c682950b316196fba659d0ba1b5
For documentation on this error, please visit: https://selenium.dev/exceptions/#no_such_element
Build info: version: '4.3.0', revision: 'a4995e2c09*'
System info: host: 'SSBOG5CG1490DDD', ip: '192.168.10.10', os.name: 'Windows 10', os.arch: 'amd64', os.version: '10.0', java.version: '11.0.16.1'
Driver info: driver.version: unknown</error><system-err>no such element: Unable to locate element: {"method":"xpath","selector":"//*[text()='Customer Registered Successfully!!!']"}
  (Session info: chrome=106.0.5249.91)
For documentation on this error, please visit: https://selenium.dev/exceptions/#no_such_element
Build info: version: '4.3.0', revision: 'a4995e2c09*'
System info: host: 'SSBOG5CG1490DDD', ip: '192.168.10.10', os.name: 'Windows 10', os.arch: 'amd64', os.version: '10.0', java.version: '11.0.16.1'
Driver info: org.openqa.selenium.chrome.ChromeDriver
Command: [86802c682950b316196fba659d0ba1b5, findElement {using=xpath, value=//*[text()='Customer Registered Successfully!!!']}]
Capabilities {acceptInsecureCerts: false, browserName: chrome, browserVersion: 106.0.5249.91, chrome: {chromedriverVersion: 106.0.5249.61 (511755355844..., userDataDir: C:\Users\SANTIA~1.MOR\AppDa...}, goog:chromeOptions: {debuggerAddress: localhost:56729}, networkConnectionEnabled: false, pageLoadStrategy: normal, platformName: WINDOWS, proxy: Proxy(), se:cdp: ws://localhost:56729/devtoo..., se:cdpVersion: 106.0.5249.91, setWindowRect: true, strictFileInteractability: false, timeouts: {implicit: 0, pageLoad: 300000, script: 30000}, unhandledPromptBehavior: dismiss and notify, webauthn:extension:credBlob: true, webauthn:extension:largeBlob: true, webauthn:virtualAuthenticators: true}
Session ID: 86802c682950b316196fba659d0ba1b5
For documentation on this error, please visit: https://selenium.dev/exceptions/#no_such_element
Build info: version: '4.3.0', revision: 'a4995e2c09*'
System info: host: 'SSBOG5CG1490DDD', ip: '192.168.10.10', os.name: 'Windows 10', os.arch: 'amd64', os.version: '10.0', java.version: '11.0.16.1'
Driver info: driver.version: unknown&#13;
com.sophossolutions.certificacion.actions.Action.validateTextOfField(Action.java:22)&#13;
com.sophossolutions.certificacion.pages.GuruCustomerRegistration.validateText(GuruCustomerRegistration.java:14)&#13;
com.sophossolutions.certificacion.stepdefinitions.GuruNewCostumerStepDefinitions.validoQueElMensajeDeRegistroSea(GuruNewCostumerStepDefinitions.java:31)&#13;
✽.Valido que el mensaje de registro sea "Customer Registered Successfully!!!"(file:///C:/Users/santiago.moreno/Documents/01%20Semillero%20Automatización/GitHub/semillero_0922_03/POMSophos/src/test/resources/features/guru_new_customer.feature:15)&#13;
</system-err></testcase></testsuite>